Apr 26, 2023 8:26:46 AM edu.curtin.app.App main
INFO: Initializing Defult result
Apr 26, 2023 8:26:49 AM edu.curtin.app.App main
INFO: Getting user Input
Apr 26, 2023 8:27:11 AM edu.curtin.app.App main
INFO: Adding User object to the data list
Apr 26, 2023 8:27:16 AM edu.curtin.app.App main
INFO: Adding User object to the data list
Apr 26, 2023 8:27:20 AM edu.curtin.app.App main
INFO: Indentation levels set
Apr 26, 2023 8:27:20 AM edu.curtin.app.App main
INFO: Intiating search
Apr 26, 2023 8:27:20 AM edu.curtin.app.App main
INFO: End of search
Apr 26, 2023 8:27:51 AM edu.curtin.app.App main
INFO: Output format set
Apr 26, 2023 8:27:53 AM edu.curtin.app.App main
INFO: Indentation levels set
Apr 26, 2023 8:27:53 AM edu.curtin.app.App main
INFO: Intiating search
Apr 26, 2023 8:27:53 AM edu.curtin.app.App main
INFO: End of search
